MapMarkerSpiderView/build/outputs/logs/manifest-merger-release-report.txt
-- Merging decision tree log ---
manifest
ADDED from src/main/AndroidManifest.xml:2:1-48
INJECTED from src/main/AndroidManifest.xml:2:1-48
INJECTED from src/main/AndroidManifest.xml:2:1-48
INJECTED from src/main/AndroidManifest.xml:2:1-48
INJECTED from src/main/AndroidManifest.xml:2:1-48
INJECTED from src/main/AndroidManifest.xml:2:1-48
INJECTED from src/main/AndroidManifest.xml:2:1-48
	package
		ADDED from src/main/AndroidManifest.xml:2:11-45
		INJECTED from src/main/AndroidManifest.xml
		INJECTED from src/main/AndroidManifest.xml
	android:versionName
		INJECTED from src/main/AndroidManifest.xml
		ADDED from src/main/AndroidManifest.xml:2:1-48
		INJECTED from src/main/AndroidManifest.xml
	android:versionCode
		INJECTED from src/main/AndroidManifest.xml
		ADDED from src/main/AndroidManifest.xml:2:1-48
		INJECTED from src/main/AndroidManifest.xml
uses-sdk
INJECTED from src/main/AndroidManifest.xml reason: use-sdk injection requested
INJECTED from src/main/AndroidManifest.xml
INJECTED from src/main/AndroidManifest.xml
INJECTED from src/main/AndroidManifest.xml
INJECTED from src/main/AndroidManifest.xml
	android:targetSdkVersion
		INJECTED from src/main/AndroidManifest.xml
		ADDED from src/main/AndroidManifest.xml
		INJECTED from src/main/AndroidManifest.xml
	android:minSdkVersion
		INJECTED from src/main/AndroidManifest.xml
		ADDED from src/main/AndroidManifest.xml
		INJECTED from src/main/AndroidManifest.xml